The target system is: Linux - 1.0 - armv7a
The host system is: Linux - 6.11.0-25-generic - x86_64
Compiling the C compiler identification source file "CMakeCCompilerId.c" succeeded.
Compiler: /SDK/usr/bin/arm-obreey-linux-gnueabi-clang 
Build flags: -fsigned-char;-Werror-return-type
Id flags:  

The output was:
0


Compilation of the C compiler identification source "CMakeCCompilerId.c" produced "a.out"

The C compiler identification is Clang, found in "/project/CMakeFiles/3.21.3/CompilerIdC/a.out"

Compiling the CXX compiler identification source file "CMakeCXXCompilerId.cpp" succeeded.
Compiler: /SDK/usr/bin/arm-obreey-linux-gnueabi-clang++ 
Build flags: -fsigned-char;-Werror-return-type
Id flags:  

The output was:
0


Compilation of the CXX compiler identification source "CMakeCXXCompilerId.cpp" produced "a.out"

The CXX compiler identification is Clang, found in "/project/CMakeFiles/3.21.3/CompilerIdCXX/a.out"

Detecting C compiler ABI info compiled with the following output:
Change Dir: /project/CMakeFiles/CMakeTmp

Run Build Command(s):/usr/bin/make -f Makefile cmTC_2d70d/fast && /usr/bin/make  -f CMakeFiles/cmTC_2d70d.dir/build.make CMakeFiles/cmTC_2d70d.dir/build
make[1]: Entering directory '/project/CMakeFiles/CMakeTmp'
Building C object CMakeFiles/cmTC_2d70d.dir/CMakeCCompilerABI.c.o
/SDK/usr/bin/arm-obreey-linux-gnueabi-clang -DPLATFORM_FC  -fsigned-char -Werror-return-type  -DNDEBUG -O2 -pipe -fomit-frame-pointer -march=armv7-a -mtune=cortex-a8 -mfpu=neon -mfloat-abi=softfp    -v -MD -MT CMakeFiles/cmTC_2d70d.dir/CMakeCCompilerABI.c.o -MF CMakeFiles/cmTC_2d70d.dir/CMakeCCompilerABI.c.o.d -o CMakeFiles/cmTC_2d70d.dir/CMakeCCompilerABI.c.o -c /usr/share/cmake-3.21/Modules/CMakeCCompilerABI.c
clang version 7.0.0 (https://git.llvm.org/git/clang.git/ e63bbc3a5282f86265da104a9f8b9a74c41fdf37) (https://git.llvm.org/git/llvm.git/ ed2e736452473893a884f1eddcca9a14ed4e3e9e)
Target: arm-obreey-linux-gnueabi
Thread model: posix
InstalledDir: /SDK/usr/bin
Found candidate GCC installation: /SDK/usr/bin/../lib/gcc/arm-obreey-linux-gnueabi/6.3.0
Selected GCC installation: /SDK/usr/bin/../lib/gcc/arm-obreey-linux-gnueabi/6.3.0
Candidate multilib: .;@m32
Selected multilib: .;@m32
 "/SDK/usr/arm-obreey-linux-gnueabi/bin/clang-7" -cc1 -triple armv7-obreey-linux-gnueabi -emit-obj -disable-free -disable-llvm-verifier -discard-value-names -main-file-name CMakeCCompilerABI.c -mrelocation-model static -mthread-model posix -fmath-errno -masm-verbose -mconstructor-aliases -fuse-init-array -target-cpu cortex-a8 -target-feature +soft-float-abi -target-feature -crc -target-feature +dsp -target-feature -ras -target-feature -dotprod -target-feature -hwdiv-arm -target-feature -hwdiv -target-feature -fp-only-sp -target-feature -d16 -target-feature +vfp3 -target-feature -fp16 -target-feature -vfp4 -target-feature -fp-armv8 -target-feature +neon -target-feature -crypto -target-abi aapcs-linux -mfloat-abi soft -fallow-half-arguments-and-returns -dwarf-column-info -debugger-tuning=gdb -v -coverage-notes-file /project/CMakeFiles/CMakeTmp/CMakeFiles/cmTC_2d70d.dir/CMakeCCompilerABI.c.gcno -resource-dir /SDK/usr/arm-obreey-linux-gnueabi/lib/clang/7.0.0 -dependency-file CMakeFiles/cmTC_2d70d.dir/CMakeCCompilerABI.c.o.d -sys-header-deps -MT CMakeFiles/cmTC_2d70d.dir/CMakeCCompilerABI.c.o -D PLATFORM_FC -D NDEBUG -isysroot /SDK/usr/arm-obreey-linux-gnueabi/sysroot -internal-isystem /SDK/usr/arm-obreey-linux-gnueabi/sysroot/usr/local/include -internal-isystem /SDK/usr/arm-obreey-linux-gnueabi/lib/clang/7.0.0/include -internal-externc-isystem /SDK/usr/arm-obreey-linux-gnueabi/sysroot/include -internal-externc-isystem /SDK/usr/arm-obreey-linux-gnueabi/sysroot/usr/include -O2 -Werror-return-type -fdebug-compilation-dir /project/CMakeFiles/CMakeTmp -ferror-limit 19 -fmessage-length 0 -fobjc-runtime=gcc -fdiagnostics-show-option -vectorize-loops -vectorize-slp -o CMakeFiles/cmTC_2d70d.dir/CMakeCCompilerABI.c.o -x c /usr/share/cmake-3.21/Modules/CMakeCCompilerABI.c
clang -cc1 version 7.0.0 based upon LLVM 7.0.0svn default target arm-obreey-linux-gnueabi
ignoring nonexistent directory "/SDK/usr/arm-obreey-linux-gnueabi/sysroot/include"
#include "..." search starts here:
#include <...> search starts here:
 /SDK/usr/arm-obreey-linux-gnueabi/sysroot/usr/local/include
 /SDK/usr/arm-obreey-linux-gnueabi/lib/clang/7.0.0/include
 /SDK/usr/arm-obreey-linux-gnueabi/sysroot/usr/include
End of search list.
Linking C executable cmTC_2d70d
/usr/bin/cmake -E cmake_link_script CMakeFiles/cmTC_2d70d.dir/link.txt --verbose=1
/SDK/usr/bin/arm-obreey-linux-gnueabi-clang -fsigned-char -Werror-return-type  -DNDEBUG -O2 -pipe -fomit-frame-pointer -march=armv7-a -mtune=cortex-a8 -mfpu=neon -mfloat-abi=softfp   -v -s -rdynamic CMakeFiles/cmTC_2d70d.dir/CMakeCCompilerABI.c.o -o cmTC_2d70d 
clang version 7.0.0 (https://git.llvm.org/git/clang.git/ e63bbc3a5282f86265da104a9f8b9a74c41fdf37) (https://git.llvm.org/git/llvm.git/ ed2e736452473893a884f1eddcca9a14ed4e3e9e)
Target: arm-obreey-linux-gnueabi
Thread model: posix
InstalledDir: /SDK/usr/bin
Found candidate GCC installation: /SDK/usr/bin/../lib/gcc/arm-obreey-linux-gnueabi/6.3.0
Selected GCC installation: /SDK/usr/bin/../lib/gcc/arm-obreey-linux-gnueabi/6.3.0
Candidate multilib: .;@m32
Selected multilib: .;@m32
 "/SDK/usr/bin/arm-obreey-linux-gnueabi-ld" --sysroot=/SDK/usr/arm-obreey-linux-gnueabi/sysroot -export-dynamic -s -X --hash-style=both --eh-frame-hdr -m armelf_linux_eabi -export-dynamic -dynamic-linker /lib/ld-linux.so.3 -o cmTC_2d70d /SDK/usr/arm-obreey-linux-gnueabi/sysroot/usr/lib/../lib/crt1.o /SDK/usr/arm-obreey-linux-gnueabi/sysroot/usr/lib/../lib/crti.o /SDK/usr/bin/../lib/gcc/arm-obreey-linux-gnueabi/6.3.0/crtbegin.o -L/SDK/usr/bin/../lib/gcc/arm-obreey-linux-gnueabi/6.3.0 -L/SDK/usr/bin/../lib/gcc/arm-obreey-linux-gnueabi/6.3.0/../../../../arm-obreey-linux-gnueabi/lib/../lib -L/SDK/usr/arm-obreey-linux-gnueabi/sysroot/lib/../lib -L/SDK/usr/arm-obreey-linux-gnueabi/sysroot/usr/lib/../lib -L/SDK/usr/bin/../lib/gcc/arm-obreey-linux-gnueabi/6.3.0/../../../../arm-obreey-linux-gnueabi/lib -L/SDK/usr/arm-obreey-linux-gnueabi/sysroot/lib -L/SDK/usr/arm-obreey-linux-gnueabi/sysroot/usr/lib CMakeFiles/cmTC_2d70d.dir/CMakeCCompilerABI.c.o -lgcc --as-needed -lgcc_s --no-as-needed -lc -lgcc --as-needed -lgcc_s --no-as-needed /SDK/usr/bin/../lib/gcc/arm-obreey-linux-gnueabi/6.3.0/crtend.o /SDK/usr/arm-obreey-linux-gnueabi/sysroot/usr/lib/../lib/crtn.o
make[1]: Leaving directory '/project/CMakeFiles/CMakeTmp'



Parsed C implicit include dir info from above output: rv=done
  found start of include info
  found start of implicit include info
    add: [/SDK/usr/arm-obreey-linux-gnueabi/sysroot/usr/local/include]
    add: [/SDK/usr/arm-obreey-linux-gnueabi/lib/clang/7.0.0/include]
    add: [/SDK/usr/arm-obreey-linux-gnueabi/sysroot/usr/include]
  end of search list found
  collapse include dir [/SDK/usr/arm-obreey-linux-gnueabi/sysroot/usr/local/include] ==> [/SDK/usr/arm-obreey-linux-gnueabi/sysroot/usr/local/include]
  collapse include dir [/SDK/usr/arm-obreey-linux-gnueabi/lib/clang/7.0.0/include] ==> [/SDK/usr/arm-obreey-linux-gnueabi/lib/clang/7.0.0/include]
  collapse include dir [/SDK/usr/arm-obreey-linux-gnueabi/sysroot/usr/include] ==> [/SDK/usr/arm-obreey-linux-gnueabi/sysroot/usr/include]
  implicit include dirs: [/SDK/usr/arm-obreey-linux-gnueabi/sysroot/usr/local/include;/SDK/usr/arm-obreey-linux-gnueabi/lib/clang/7.0.0/include;/SDK/usr/arm-obreey-linux-gnueabi/sysroot/usr/include]


Parsed C implicit link information from above output:
  link line regex: [^( *|.*[/\])(arm-obreey-linux-gnueabi-ld|CMAKE_LINK_STARTFILE-NOTFOUND|([^/\]+-)?ld|collect2)[^/\]*( |$)]
  ignore line: [Change Dir: /project/CMakeFiles/CMakeTmp]
  ignore line: []
  ignore line: [Run Build Command(s):/usr/bin/make -f Makefile cmTC_2d70d/fast && /usr/bin/make  -f CMakeFiles/cmTC_2d70d.dir/build.make CMakeFiles/cmTC_2d70d.dir/build]
  ignore line: [make[1]: Entering directory '/project/CMakeFiles/CMakeTmp']
  ignore line: [Building C object CMakeFiles/cmTC_2d70d.dir/CMakeCCompilerABI.c.o]
  ignore line: [/SDK/usr/bin/arm-obreey-linux-gnueabi-clang -DPLATFORM_FC  -fsigned-char -Werror-return-type  -DNDEBUG -O2 -pipe -fomit-frame-pointer -march=armv7-a -mtune=cortex-a8 -mfpu=neon -mfloat-abi=softfp    -v -MD -MT CMakeFiles/cmTC_2d70d.dir/CMakeCCompilerABI.c.o -MF CMakeFiles/cmTC_2d70d.dir/CMakeCCompilerABI.c.o.d -o CMakeFiles/cmTC_2d70d.dir/CMakeCCompilerABI.c.o -c /usr/share/cmake-3.21/Modules/CMakeCCompilerABI.c]
  ignore line: [clang version 7.0.0 (https://git.llvm.org/git/clang.git/ e63bbc3a5282f86265da104a9f8b9a74c41fdf37) (https://git.llvm.org/git/llvm.git/ ed2e736452473893a884f1eddcca9a14ed4e3e9e)]
  ignore line: [Target: arm-obreey-linux-gnueabi]
  ignore line: [Thread model: posix]
  ignore line: [InstalledDir: /SDK/usr/bin]
  ignore line: [Found candidate GCC installation: /SDK/usr/bin/../lib/gcc/arm-obreey-linux-gnueabi/6.3.0]
  ignore line: [Selected GCC installation: /SDK/usr/bin/../lib/gcc/arm-obreey-linux-gnueabi/6.3.0]
  ignore line: [Candidate multilib: .]
  ignore line: [@m32]
  ignore line: [Selected multilib: .]
  ignore line: [@m32]
  ignore line: [ "/SDK/usr/arm-obreey-linux-gnueabi/bin/clang-7" -cc1 -triple armv7-obreey-linux-gnueabi -emit-obj -disable-free -disable-llvm-verifier -discard-value-names -main-file-name CMakeCCompilerABI.c -mrelocation-model static -mthread-model posix -fmath-errno -masm-verbose -mconstructor-aliases -fuse-init-array -target-cpu cortex-a8 -target-feature +soft-float-abi -target-feature -crc -target-feature +dsp -target-feature -ras -target-feature -dotprod -target-feature -hwdiv-arm -target-feature -hwdiv -target-feature -fp-only-sp -target-feature -d16 -target-feature +vfp3 -target-feature -fp16 -target-feature -vfp4 -target-feature -fp-armv8 -target-feature +neon -target-feature -crypto -target-abi aapcs-linux -mfloat-abi soft -fallow-half-arguments-and-returns -dwarf-column-info -debugger-tuning=gdb -v -coverage-notes-file /project/CMakeFiles/CMakeTmp/CMakeFiles/cmTC_2d70d.dir/CMakeCCompilerABI.c.gcno -resource-dir /SDK/usr/arm-obreey-linux-gnueabi/lib/clang/7.0.0 -dependency-file CMakeFiles/cmTC_2d70d.dir/CMakeCCompilerABI.c.o.d -sys-header-deps -MT CMakeFiles/cmTC_2d70d.dir/CMakeCCompilerABI.c.o -D PLATFORM_FC -D NDEBUG -isysroot /SDK/usr/arm-obreey-linux-gnueabi/sysroot -internal-isystem /SDK/usr/arm-obreey-linux-gnueabi/sysroot/usr/local/include -internal-isystem /SDK/usr/arm-obreey-linux-gnueabi/lib/clang/7.0.0/include -internal-externc-isystem /SDK/usr/arm-obreey-linux-gnueabi/sysroot/include -internal-externc-isystem /SDK/usr/arm-obreey-linux-gnueabi/sysroot/usr/include -O2 -Werror-return-type -fdebug-compilation-dir /project/CMakeFiles/CMakeTmp -ferror-limit 19 -fmessage-length 0 -fobjc-runtime=gcc -fdiagnostics-show-option -vectorize-loops -vectorize-slp -o CMakeFiles/cmTC_2d70d.dir/CMakeCCompilerABI.c.o -x c /usr/share/cmake-3.21/Modules/CMakeCCompilerABI.c]
  ignore line: [clang -cc1 version 7.0.0 based upon LLVM 7.0.0svn default target arm-obreey-linux-gnueabi]
  ignore line: [ignoring nonexistent directory "/SDK/usr/arm-obreey-linux-gnueabi/sysroot/include"]
  ignore line: [#include "..." search starts here:]
  ignore line: [#include <...> search starts here:]
  ignore line: [ /SDK/usr/arm-obreey-linux-gnueabi/sysroot/usr/local/include]
  ignore line: [ /SDK/usr/arm-obreey-linux-gnueabi/lib/clang/7.0.0/include]
  ignore line: [ /SDK/usr/arm-obreey-linux-gnueabi/sysroot/usr/include]
  ignore line: [End of search list.]
  ignore line: [Linking C executable cmTC_2d70d]
  ignore line: [/usr/bin/cmake -E cmake_link_script CMakeFiles/cmTC_2d70d.dir/link.txt --verbose=1]
  ignore line: [/SDK/usr/bin/arm-obreey-linux-gnueabi-clang -fsigned-char -Werror-return-type  -DNDEBUG -O2 -pipe -fomit-frame-pointer -march=armv7-a -mtune=cortex-a8 -mfpu=neon -mfloat-abi=softfp   -v -s -rdynamic CMakeFiles/cmTC_2d70d.dir/CMakeCCompilerABI.c.o -o cmTC_2d70d ]
  ignore line: [clang version 7.0.0 (https://git.llvm.org/git/clang.git/ e63bbc3a5282f86265da104a9f8b9a74c41fdf37) (https://git.llvm.org/git/llvm.git/ ed2e736452473893a884f1eddcca9a14ed4e3e9e)]
  ignore line: [Target: arm-obreey-linux-gnueabi]
  ignore line: [Thread model: posix]
  ignore line: [InstalledDir: /SDK/usr/bin]
  ignore line: [Found candidate GCC installation: /SDK/usr/bin/../lib/gcc/arm-obreey-linux-gnueabi/6.3.0]
  ignore line: [Selected GCC installation: /SDK/usr/bin/../lib/gcc/arm-obreey-linux-gnueabi/6.3.0]
  ignore line: [Candidate multilib: .]
  ignore line: [@m32]
  ignore line: [Selected multilib: .]
  ignore line: [@m32]
  link line: [ "/SDK/usr/bin/arm-obreey-linux-gnueabi-ld" --sysroot=/SDK/usr/arm-obreey-linux-gnueabi/sysroot -export-dynamic -s -X --hash-style=both --eh-frame-hdr -m armelf_linux_eabi -export-dynamic -dynamic-linker /lib/ld-linux.so.3 -o cmTC_2d70d /SDK/usr/arm-obreey-linux-gnueabi/sysroot/usr/lib/../lib/crt1.o /SDK/usr/arm-obreey-linux-gnueabi/sysroot/usr/lib/../lib/crti.o /SDK/usr/bin/../lib/gcc/arm-obreey-linux-gnueabi/6.3.0/crtbegin.o -L/SDK/usr/bin/../lib/gcc/arm-obreey-linux-gnueabi/6.3.0 -L/SDK/usr/bin/../lib/gcc/arm-obreey-linux-gnueabi/6.3.0/../../../../arm-obreey-linux-gnueabi/lib/../lib -L/SDK/usr/arm-obreey-linux-gnueabi/sysroot/lib/../lib -L/SDK/usr/arm-obreey-linux-gnueabi/sysroot/usr/lib/../lib -L/SDK/usr/bin/../lib/gcc/arm-obreey-linux-gnueabi/6.3.0/../../../../arm-obreey-linux-gnueabi/lib -L/SDK/usr/arm-obreey-linux-gnueabi/sysroot/lib -L/SDK/usr/arm-obreey-linux-gnueabi/sysroot/usr/lib CMakeFiles/cmTC_2d70d.dir/CMakeCCompilerABI.c.o -lgcc --as-needed -lgcc_s --no-as-needed -lc -lgcc --as-needed -lgcc_s --no-as-needed /SDK/usr/bin/../lib/gcc/arm-obreey-linux-gnueabi/6.3.0/crtend.o /SDK/usr/arm-obreey-linux-gnueabi/sysroot/usr/lib/../lib/crtn.o]
    arg [/SDK/usr/bin/arm-obreey-linux-gnueabi-ld] ==> ignore
    arg [--sysroot=/SDK/usr/arm-obreey-linux-gnueabi/sysroot] ==> ignore
    arg [-export-dynamic] ==> ignore
    arg [-s] ==> ignore
    arg [-X] ==> ignore
    arg [--hash-style=both] ==> ignore
    arg [--eh-frame-hdr] ==> ignore
    arg [-m] ==> ignore
    arg [armelf_linux_eabi] ==> ignore
    arg [-export-dynamic] ==> ignore
    arg [-dynamic-linker] ==> ignore
    arg [/lib/ld-linux.so.3] ==> ignore
    arg [-o] ==> ignore
    arg [cmTC_2d70d] ==> ignore
    arg [/SDK/usr/arm-obreey-linux-gnueabi/sysroot/usr/lib/../lib/crt1.o] ==> obj [/SDK/usr/arm-obreey-linux-gnueabi/sysroot/usr/lib/../lib/crt1.o]
    arg [/SDK/usr/arm-obreey-linux-gnueabi/sysroot/usr/lib/../lib/crti.o] ==> obj [/SDK/usr/arm-obreey-linux-gnueabi/sysroot/usr/lib/../lib/crti.o]
    arg [/SDK/usr/bin/../lib/gcc/arm-obreey-linux-gnueabi/6.3.0/crtbegin.o] ==> obj [/SDK/usr/bin/../lib/gcc/arm-obreey-linux-gnueabi/6.3.0/crtbegin.o]
    arg [-L/SDK/usr/bin/../lib/gcc/arm-obreey-linux-gnueabi/6.3.0] ==> dir [/SDK/usr/bin/../lib/gcc/arm-obreey-linux-gnueabi/6.3.0]
    arg [-L/SDK/usr/bin/../lib/gcc/arm-obreey-linux-gnueabi/6.3.0/../../../../arm-obreey-linux-gnueabi/lib/../lib] ==> dir [/SDK/usr/bin/../lib/gcc/arm-obreey-linux-gnueabi/6.3.0/../../../../arm-obreey-linux-gnueabi/lib/../lib]
    arg [-L/SDK/usr/arm-obreey-linux-gnueabi/sysroot/lib/../lib] ==> dir [/SDK/usr/arm-obreey-linux-gnueabi/sysroot/lib/../lib]
    arg [-L/SDK/usr/arm-obreey-linux-gnueabi/sysroot/usr/lib/../lib] ==> dir [/SDK/usr/arm-obreey-linux-gnueabi/sysroot/usr/lib/../lib]
    arg [-L/SDK/usr/bin/../lib/gcc/arm-obreey-linux-gnueabi/6.3.0/../../../../arm-obreey-linux-gnueabi/lib] ==> dir [/SDK/usr/bin/../lib/gcc/arm-obreey-linux-gnueabi/6.3.0/../../../../arm-obreey-linux-gnueabi/lib]
    arg [-L/SDK/usr/arm-obreey-linux-gnueabi/sysroot/lib] ==> dir [/SDK/usr/arm-obreey-linux-gnueabi/sysroot/lib]
    arg [-L/SDK/usr/arm-obreey-linux-gnueabi/sysroot/usr/lib] ==> dir [/SDK/usr/arm-obreey-linux-gnueabi/sysroot/usr/lib]
    arg [CMakeFiles/cmTC_2d70d.dir/CMakeCCompilerABI.c.o] ==> ignore
    arg [-lgcc] ==> lib [gcc]
    arg [--as-needed] ==> ignore
    arg [-lgcc_s] ==> lib [gcc_s]
    arg [--no-as-needed] ==> ignore
    arg [-lc] ==> lib [c]
    arg [-lgcc] ==> lib [gcc]
    arg [--as-needed] ==> ignore
    arg [-lgcc_s] ==> lib [gcc_s]
    arg [--no-as-needed] ==> ignore
    arg [/SDK/usr/bin/../lib/gcc/arm-obreey-linux-gnueabi/6.3.0/crtend.o] ==> obj [/SDK/usr/bin/../lib/gcc/arm-obreey-linux-gnueabi/6.3.0/crtend.o]
    arg [/SDK/usr/arm-obreey-linux-gnueabi/sysroot/usr/lib/../lib/crtn.o] ==> obj [/SDK/usr/arm-obreey-linux-gnueabi/sysroot/usr/lib/../lib/crtn.o]
  collapse obj [/SDK/usr/arm-obreey-linux-gnueabi/sysroot/usr/lib/../lib/crt1.o] ==> [/SDK/usr/arm-obreey-linux-gnueabi/sysroot/usr/lib/crt1.o]
  collapse obj [/SDK/usr/arm-obreey-linux-gnueabi/sysroot/usr/lib/../lib/crti.o] ==> [/SDK/usr/arm-obreey-linux-gnueabi/sysroot/usr/lib/crti.o]
  collapse obj [/SDK/usr/bin/../lib/gcc/arm-obreey-linux-gnueabi/6.3.0/crtbegin.o] ==> [/SDK/usr/lib/gcc/arm-obreey-linux-gnueabi/6.3.0/crtbegin.o]
  collapse obj [/SDK/usr/bin/../lib/gcc/arm-obreey-linux-gnueabi/6.3.0/crtend.o] ==> [/SDK/usr/lib/gcc/arm-obreey-linux-gnueabi/6.3.0/crtend.o]
  collapse obj [/SDK/usr/arm-obreey-linux-gnueabi/sysroot/usr/lib/../lib/crtn.o] ==> [/SDK/usr/arm-obreey-linux-gnueabi/sysroot/usr/lib/crtn.o]
  collapse library dir [/SDK/usr/bin/../lib/gcc/arm-obreey-linux-gnueabi/6.3.0] ==> [/SDK/usr/lib/gcc/arm-obreey-linux-gnueabi/6.3.0]
  collapse library dir [/SDK/usr/bin/../lib/gcc/arm-obreey-linux-gnueabi/6.3.0/../../../../arm-obreey-linux-gnueabi/lib/../lib] ==> [/SDK/usr/arm-obreey-linux-gnueabi/lib]
  collapse library dir [/SDK/usr/arm-obreey-linux-gnueabi/sysroot/lib/../lib] ==> [/SDK/usr/arm-obreey-linux-gnueabi/sysroot/lib]
  collapse library dir [/SDK/usr/arm-obreey-linux-gnueabi/sysroot/usr/lib/../lib] ==> [/SDK/usr/arm-obreey-linux-gnueabi/sysroot/usr/lib]
  collapse library dir [/SDK/usr/bin/../lib/gcc/arm-obreey-linux-gnueabi/6.3.0/../../../../arm-obreey-linux-gnueabi/lib] ==> [/SDK/usr/arm-obreey-linux-gnueabi/lib]
  collapse library dir [/SDK/usr/arm-obreey-linux-gnueabi/sysroot/lib] ==> [/SDK/usr/arm-obreey-linux-gnueabi/sysroot/lib]
  collapse library dir [/SDK/usr/arm-obreey-linux-gnueabi/sysroot/usr/lib] ==> [/SDK/usr/arm-obreey-linux-gnueabi/sysroot/usr/lib]
  implicit libs: [gcc;gcc_s;c;gcc;gcc_s]
  implicit objs: [/SDK/usr/arm-obreey-linux-gnueabi/sysroot/usr/lib/crt1.o;/SDK/usr/arm-obreey-linux-gnueabi/sysroot/usr/lib/crti.o;/SDK/usr/lib/gcc/arm-obreey-linux-gnueabi/6.3.0/crtbegin.o;/SDK/usr/lib/gcc/arm-obreey-linux-gnueabi/6.3.0/crtend.o;/SDK/usr/arm-obreey-linux-gnueabi/sysroot/usr/lib/crtn.o]
  implicit dirs: [/SDK/usr/lib/gcc/arm-obreey-linux-gnueabi/6.3.0;/SDK/usr/arm-obreey-linux-gnueabi/lib;/SDK/usr/arm-obreey-linux-gnueabi/sysroot/lib;/SDK/usr/arm-obreey-linux-gnueabi/sysroot/usr/lib]
  implicit fwks: []


Detecting CXX compiler ABI info compiled with the following output:
Change Dir: /project/CMakeFiles/CMakeTmp

Run Build Command(s):/usr/bin/make -f Makefile cmTC_ccac7/fast && /usr/bin/make  -f CMakeFiles/cmTC_ccac7.dir/build.make CMakeFiles/cmTC_ccac7.dir/build
make[1]: Entering directory '/project/CMakeFiles/CMakeTmp'
Building CXX object CMakeFiles/cmTC_ccac7.dir/CMakeCXXCompilerABI.cpp.o
/SDK/usr/bin/arm-obreey-linux-gnueabi-clang++ -DPLATFORM_FC  -fsigned-char -Werror-return-type  -DNDEBUG -O2 -pipe -fomit-frame-pointer -march=armv7-a -mtune=cortex-a8 -mfpu=neon -mfloat-abi=softfp    -v -MD -MT CMakeFiles/cmTC_ccac7.dir/CMakeCXXCompilerABI.cpp.o -MF CMakeFiles/cmTC_ccac7.dir/CMakeCXXCompilerABI.cpp.o.d -o CMakeFiles/cmTC_ccac7.dir/CMakeCXXCompilerABI.cpp.o -c /usr/share/cmake-3.21/Modules/CMakeCXXCompilerABI.cpp
clang version 7.0.0 (https://git.llvm.org/git/clang.git/ e63bbc3a5282f86265da104a9f8b9a74c41fdf37) (https://git.llvm.org/git/llvm.git/ ed2e736452473893a884f1eddcca9a14ed4e3e9e)
Target: arm-obreey-linux-gnueabi
Thread model: posix
InstalledDir: /SDK/usr/bin
Found candidate GCC installation: /SDK/usr/bin/../lib/gcc/arm-obreey-linux-gnueabi/6.3.0
Selected GCC installation: /SDK/usr/bin/../lib/gcc/arm-obreey-linux-gnueabi/6.3.0
Candidate multilib: .;@m32
Selected multilib: .;@m32
 "/SDK/usr/arm-obreey-linux-gnueabi/bin/clang-7" -cc1 -triple armv7-obreey-linux-gnueabi -emit-obj -disable-free -disable-llvm-verifier -discard-value-names -main-file-name CMakeCXXCompilerABI.cpp -mrelocation-model static -mthread-model posix -fmath-errno -masm-verbose -mconstructor-aliases -fuse-init-array -target-cpu cortex-a8 -target-feature +soft-float-abi -target-feature -crc -target-feature +dsp -target-feature -ras -target-feature -dotprod -target-feature -hwdiv-arm -target-feature -hwdiv -target-feature -fp-only-sp -target-feature -d16 -target-feature +vfp3 -target-feature -fp16 -target-feature -vfp4 -target-feature -fp-armv8 -target-feature +neon -target-feature -crypto -target-abi aapcs-linux -mfloat-abi soft -fallow-half-arguments-and-returns -dwarf-column-info -debugger-tuning=gdb -v -coverage-notes-file /project/CMakeFiles/CMakeTmp/CMakeFiles/cmTC_ccac7.dir/CMakeCXXCompilerABI.cpp.gcno -resource-dir /SDK/usr/arm-obreey-linux-gnueabi/lib/clang/7.0.0 -dependency-file CMakeFiles/cmTC_ccac7.dir/CMakeCXXCompilerABI.cpp.o.d -sys-header-deps -MT CMakeFiles/cmTC_ccac7.dir/CMakeCXXCompilerABI.cpp.o -D PLATFORM_FC -D NDEBUG -isysroot /SDK/usr/arm-obreey-linux-gnueabi/sysroot -internal-isystem /SDK/usr/bin/../lib/gcc/arm-obreey-linux-gnueabi/6.3.0/../../../../arm-obreey-linux-gnueabi/include/c++/6.3.0 -internal-isystem /SDK/usr/bin/../lib/gcc/arm-obreey-linux-gnueabi/6.3.0/../../../../arm-obreey-linux-gnueabi/include/c++/6.3.0/arm-obreey-linux-gnueabi -internal-isystem /SDK/usr/bin/../lib/gcc/arm-obreey-linux-gnueabi/6.3.0/../../../../arm-obreey-linux-gnueabi/include/c++/6.3.0/backward -internal-isystem /SDK/usr/arm-obreey-linux-gnueabi/sysroot/usr/local/include -internal-isystem /SDK/usr/arm-obreey-linux-gnueabi/lib/clang/7.0.0/include -internal-externc-isystem /SDK/usr/arm-obreey-linux-gnueabi/sysroot/include -internal-externc-isystem /SDK/usr/arm-obreey-linux-gnueabi/sysroot/usr/include -O2 -Werror-return-type -fdeprecated-macro -fdebug-compilation-dir /project/CMakeFiles/CMakeTmp -ferror-limit 19 -fmessage-length 0 -fobjc-runtime=gcc -fcxx-exceptions -fexceptions -fdiagnostics-show-option -vectorize-loops -vectorize-slp -o CMakeFiles/cmTC_ccac7.dir/CMakeCXXCompilerABI.cpp.o -x c++ /usr/share/cmake-3.21/Modules/CMakeCXXCompilerABI.cpp
clang -cc1 version 7.0.0 based upon LLVM 7.0.0svn default target arm-obreey-linux-gnueabi
ignoring nonexistent directory "/SDK/usr/arm-obreey-linux-gnueabi/sysroot/include"
#include "..." search starts here:
#include <...> search starts here:
 /SDK/usr/bin/../lib/gcc/arm-obreey-linux-gnueabi/6.3.0/../../../../arm-obreey-linux-gnueabi/include/c++/6.3.0
 /SDK/usr/bin/../lib/gcc/arm-obreey-linux-gnueabi/6.3.0/../../../../arm-obreey-linux-gnueabi/include/c++/6.3.0/arm-obreey-linux-gnueabi
 /SDK/usr/bin/../lib/gcc/arm-obreey-linux-gnueabi/6.3.0/../../../../arm-obreey-linux-gnueabi/include/c++/6.3.0/backward
 /SDK/usr/arm-obreey-linux-gnueabi/sysroot/usr/local/include
 /SDK/usr/arm-obreey-linux-gnueabi/lib/clang/7.0.0/include
 /SDK/usr/arm-obreey-linux-gnueabi/sysroot/usr/include
End of search list.
Linking CXX executable cmTC_ccac7
/usr/bin/cmake -E cmake_link_script CMakeFiles/cmTC_ccac7.dir/link.txt --verbose=1
/SDK/usr/bin/arm-obreey-linux-gnueabi-clang++ -fsigned-char -Werror-return-type  -DNDEBUG -O2 -pipe -fomit-frame-pointer -march=armv7-a -mtune=cortex-a8 -mfpu=neon -mfloat-abi=softfp   -v -s -rdynamic CMakeFiles/cmTC_ccac7.dir/CMakeCXXCompilerABI.cpp.o -o cmTC_ccac7 
clang version 7.0.0 (https://git.llvm.org/git/clang.git/ e63bbc3a5282f86265da104a9f8b9a74c41fdf37) (https://git.llvm.org/git/llvm.git/ ed2e736452473893a884f1eddcca9a14ed4e3e9e)
Target: arm-obreey-linux-gnueabi
Thread model: posix
InstalledDir: /SDK/usr/bin
Found candidate GCC installation: /SDK/usr/bin/../lib/gcc/arm-obreey-linux-gnueabi/6.3.0
Selected GCC installation: /SDK/usr/bin/../lib/gcc/arm-obreey-linux-gnueabi/6.3.0
Candidate multilib: .;@m32
Selected multilib: .;@m32
 "/SDK/usr/bin/arm-obreey-linux-gnueabi-ld" --sysroot=/SDK/usr/arm-obreey-linux-gnueabi/sysroot -export-dynamic -s -X --hash-style=both --eh-frame-hdr -m armelf_linux_eabi -export-dynamic -dynamic-linker /lib/ld-linux.so.3 -o cmTC_ccac7 /SDK/usr/arm-obreey-linux-gnueabi/sysroot/usr/lib/../lib/crt1.o /SDK/usr/arm-obreey-linux-gnueabi/sysroot/usr/lib/../lib/crti.o /SDK/usr/bin/../lib/gcc/arm-obreey-linux-gnueabi/6.3.0/crtbegin.o -L/SDK/usr/bin/../lib/gcc/arm-obreey-linux-gnueabi/6.3.0 -L/SDK/usr/bin/../lib/gcc/arm-obreey-linux-gnueabi/6.3.0/../../../../arm-obreey-linux-gnueabi/lib/../lib -L/SDK/usr/arm-obreey-linux-gnueabi/sysroot/lib/../lib -L/SDK/usr/arm-obreey-linux-gnueabi/sysroot/usr/lib/../lib -L/SDK/usr/bin/../lib/gcc/arm-obreey-linux-gnueabi/6.3.0/../../../../arm-obreey-linux-gnueabi/lib -L/SDK/usr/arm-obreey-linux-gnueabi/sysroot/lib -L/SDK/usr/arm-obreey-linux-gnueabi/sysroot/usr/lib CMakeFiles/cmTC_ccac7.dir/CMakeCXXCompilerABI.cpp.o -lstdc++ -lm -lgcc_s -lgcc -lc -lgcc_s -lgcc /SDK/usr/bin/../lib/gcc/arm-obreey-linux-gnueabi/6.3.0/crtend.o /SDK/usr/arm-obreey-linux-gnueabi/sysroot/usr/lib/../lib/crtn.o
make[1]: Leaving directory '/project/CMakeFiles/CMakeTmp'



Parsed CXX implicit include dir info from above output: rv=done
  found start of include info
  found start of implicit include info
    add: [/SDK/usr/bin/../lib/gcc/arm-obreey-linux-gnueabi/6.3.0/../../../../arm-obreey-linux-gnueabi/include/c++/6.3.0]
    add: [/SDK/usr/bin/../lib/gcc/arm-obreey-linux-gnueabi/6.3.0/../../../../arm-obreey-linux-gnueabi/include/c++/6.3.0/arm-obreey-linux-gnueabi]
    add: [/SDK/usr/bin/../lib/gcc/arm-obreey-linux-gnueabi/6.3.0/../../../../arm-obreey-linux-gnueabi/include/c++/6.3.0/backward]
    add: [/SDK/usr/arm-obreey-linux-gnueabi/sysroot/usr/local/include]
    add: [/SDK/usr/arm-obreey-linux-gnueabi/lib/clang/7.0.0/include]
    add: [/SDK/usr/arm-obreey-linux-gnueabi/sysroot/usr/include]
  end of search list found
  collapse include dir [/SDK/usr/bin/../lib/gcc/arm-obreey-linux-gnueabi/6.3.0/../../../../arm-obreey-linux-gnueabi/include/c++/6.3.0] ==> [/SDK/usr/arm-obreey-linux-gnueabi/include/c++/6.3.0]
  collapse include dir [/SDK/usr/bin/../lib/gcc/arm-obreey-linux-gnueabi/6.3.0/../../../../arm-obreey-linux-gnueabi/include/c++/6.3.0/arm-obreey-linux-gnueabi] ==> [/SDK/usr/arm-obreey-linux-gnueabi/include/c++/6.3.0/arm-obreey-linux-gnueabi]
  collapse include dir [/SDK/usr/bin/../lib/gcc/arm-obreey-linux-gnueabi/6.3.0/../../../../arm-obreey-linux-gnueabi/include/c++/6.3.0/backward] ==> [/SDK/usr/arm-obreey-linux-gnueabi/include/c++/6.3.0/backward]
  collapse include dir [/SDK/usr/arm-obreey-linux-gnueabi/sysroot/usr/local/include] ==> [/SDK/usr/arm-obreey-linux-gnueabi/sysroot/usr/local/include]
  collapse include dir [/SDK/usr/arm-obreey-linux-gnueabi/lib/clang/7.0.0/include] ==> [/SDK/usr/arm-obreey-linux-gnueabi/lib/clang/7.0.0/include]
  collapse include dir [/SDK/usr/arm-obreey-linux-gnueabi/sysroot/usr/include] ==> [/SDK/usr/arm-obreey-linux-gnueabi/sysroot/usr/include]
  implicit include dirs: [/SDK/usr/arm-obreey-linux-gnueabi/include/c++/6.3.0;/SDK/usr/arm-obreey-linux-gnueabi/include/c++/6.3.0/arm-obreey-linux-gnueabi;/SDK/usr/arm-obreey-linux-gnueabi/include/c++/6.3.0/backward;/SDK/usr/arm-obreey-linux-gnueabi/sysroot/usr/local/include;/SDK/usr/arm-obreey-linux-gnueabi/lib/clang/7.0.0/include;/SDK/usr/arm-obreey-linux-gnueabi/sysroot/usr/include]


Parsed CXX implicit link information from above output:
  link line regex: [^( *|.*[/\])(arm-obreey-linux-gnueabi-ld|CMAKE_LINK_STARTFILE-NOTFOUND|([^/\]+-)?ld|collect2)[^/\]*( |$)]
  ignore line: [Change Dir: /project/CMakeFiles/CMakeTmp]
  ignore line: []
  ignore line: [Run Build Command(s):/usr/bin/make -f Makefile cmTC_ccac7/fast && /usr/bin/make  -f CMakeFiles/cmTC_ccac7.dir/build.make CMakeFiles/cmTC_ccac7.dir/build]
  ignore line: [make[1]: Entering directory '/project/CMakeFiles/CMakeTmp']
  ignore line: [Building CXX object CMakeFiles/cmTC_ccac7.dir/CMakeCXXCompilerABI.cpp.o]
  ignore line: [/SDK/usr/bin/arm-obreey-linux-gnueabi-clang++ -DPLATFORM_FC  -fsigned-char -Werror-return-type  -DNDEBUG -O2 -pipe -fomit-frame-pointer -march=armv7-a -mtune=cortex-a8 -mfpu=neon -mfloat-abi=softfp    -v -MD -MT CMakeFiles/cmTC_ccac7.dir/CMakeCXXCompilerABI.cpp.o -MF CMakeFiles/cmTC_ccac7.dir/CMakeCXXCompilerABI.cpp.o.d -o CMakeFiles/cmTC_ccac7.dir/CMakeCXXCompilerABI.cpp.o -c /usr/share/cmake-3.21/Modules/CMakeCXXCompilerABI.cpp]
  ignore line: [clang version 7.0.0 (https://git.llvm.org/git/clang.git/ e63bbc3a5282f86265da104a9f8b9a74c41fdf37) (https://git.llvm.org/git/llvm.git/ ed2e736452473893a884f1eddcca9a14ed4e3e9e)]
  ignore line: [Target: arm-obreey-linux-gnueabi]
  ignore line: [Thread model: posix]
  ignore line: [InstalledDir: /SDK/usr/bin]
  ignore line: [Found candidate GCC installation: /SDK/usr/bin/../lib/gcc/arm-obreey-linux-gnueabi/6.3.0]
  ignore line: [Selected GCC installation: /SDK/usr/bin/../lib/gcc/arm-obreey-linux-gnueabi/6.3.0]
  ignore line: [Candidate multilib: .]
  ignore line: [@m32]
  ignore line: [Selected multilib: .]
  ignore line: [@m32]
  ignore line: [ "/SDK/usr/arm-obreey-linux-gnueabi/bin/clang-7" -cc1 -triple armv7-obreey-linux-gnueabi -emit-obj -disable-free -disable-llvm-verifier -discard-value-names -main-file-name CMakeCXXCompilerABI.cpp -mrelocation-model static -mthread-model posix -fmath-errno -masm-verbose -mconstructor-aliases -fuse-init-array -target-cpu cortex-a8 -target-feature +soft-float-abi -target-feature -crc -target-feature +dsp -target-feature -ras -target-feature -dotprod -target-feature -hwdiv-arm -target-feature -hwdiv -target-feature -fp-only-sp -target-feature -d16 -target-feature +vfp3 -target-feature -fp16 -target-feature -vfp4 -target-feature -fp-armv8 -target-feature +neon -target-feature -crypto -target-abi aapcs-linux -mfloat-abi soft -fallow-half-arguments-and-returns -dwarf-column-info -debugger-tuning=gdb -v -coverage-notes-file /project/CMakeFiles/CMakeTmp/CMakeFiles/cmTC_ccac7.dir/CMakeCXXCompilerABI.cpp.gcno -resource-dir /SDK/usr/arm-obreey-linux-gnueabi/lib/clang/7.0.0 -dependency-file CMakeFiles/cmTC_ccac7.dir/CMakeCXXCompilerABI.cpp.o.d -sys-header-deps -MT CMakeFiles/cmTC_ccac7.dir/CMakeCXXCompilerABI.cpp.o -D PLATFORM_FC -D NDEBUG -isysroot /SDK/usr/arm-obreey-linux-gnueabi/sysroot -internal-isystem /SDK/usr/bin/../lib/gcc/arm-obreey-linux-gnueabi/6.3.0/../../../../arm-obreey-linux-gnueabi/include/c++/6.3.0 -internal-isystem /SDK/usr/bin/../lib/gcc/arm-obreey-linux-gnueabi/6.3.0/../../../../arm-obreey-linux-gnueabi/include/c++/6.3.0/arm-obreey-linux-gnueabi -internal-isystem /SDK/usr/bin/../lib/gcc/arm-obreey-linux-gnueabi/6.3.0/../../../../arm-obreey-linux-gnueabi/include/c++/6.3.0/backward -internal-isystem /SDK/usr/arm-obreey-linux-gnueabi/sysroot/usr/local/include -internal-isystem /SDK/usr/arm-obreey-linux-gnueabi/lib/clang/7.0.0/include -internal-externc-isystem /SDK/usr/arm-obreey-linux-gnueabi/sysroot/include -internal-externc-isystem /SDK/usr/arm-obreey-linux-gnueabi/sysroot/usr/include -O2 -Werror-return-type -fdeprecated-macro -fdebug-compilation-dir /project/CMakeFiles/CMakeTmp -ferror-limit 19 -fmessage-length 0 -fobjc-runtime=gcc -fcxx-exceptions -fexceptions -fdiagnostics-show-option -vectorize-loops -vectorize-slp -o CMakeFiles/cmTC_ccac7.dir/CMakeCXXCompilerABI.cpp.o -x c++ /usr/share/cmake-3.21/Modules/CMakeCXXCompilerABI.cpp]
  ignore line: [clang -cc1 version 7.0.0 based upon LLVM 7.0.0svn default target arm-obreey-linux-gnueabi]
  ignore line: [ignoring nonexistent directory "/SDK/usr/arm-obreey-linux-gnueabi/sysroot/include"]
  ignore line: [#include "..." search starts here:]
  ignore line: [#include <...> search starts here:]
  ignore line: [ /SDK/usr/bin/../lib/gcc/arm-obreey-linux-gnueabi/6.3.0/../../../../arm-obreey-linux-gnueabi/include/c++/6.3.0]
  ignore line: [ /SDK/usr/bin/../lib/gcc/arm-obreey-linux-gnueabi/6.3.0/../../../../arm-obreey-linux-gnueabi/include/c++/6.3.0/arm-obreey-linux-gnueabi]
  ignore line: [ /SDK/usr/bin/../lib/gcc/arm-obreey-linux-gnueabi/6.3.0/../../../../arm-obreey-linux-gnueabi/include/c++/6.3.0/backward]
  ignore line: [ /SDK/usr/arm-obreey-linux-gnueabi/sysroot/usr/local/include]
  ignore line: [ /SDK/usr/arm-obreey-linux-gnueabi/lib/clang/7.0.0/include]
  ignore line: [ /SDK/usr/arm-obreey-linux-gnueabi/sysroot/usr/include]
  ignore line: [End of search list.]
  ignore line: [Linking CXX executable cmTC_ccac7]
  ignore line: [/usr/bin/cmake -E cmake_link_script CMakeFiles/cmTC_ccac7.dir/link.txt --verbose=1]
  ignore line: [/SDK/usr/bin/arm-obreey-linux-gnueabi-clang++ -fsigned-char -Werror-return-type  -DNDEBUG -O2 -pipe -fomit-frame-pointer -march=armv7-a -mtune=cortex-a8 -mfpu=neon -mfloat-abi=softfp   -v -s -rdynamic CMakeFiles/cmTC_ccac7.dir/CMakeCXXCompilerABI.cpp.o -o cmTC_ccac7 ]
  ignore line: [clang version 7.0.0 (https://git.llvm.org/git/clang.git/ e63bbc3a5282f86265da104a9f8b9a74c41fdf37) (https://git.llvm.org/git/llvm.git/ ed2e736452473893a884f1eddcca9a14ed4e3e9e)]
  ignore line: [Target: arm-obreey-linux-gnueabi]
  ignore line: [Thread model: posix]
  ignore line: [InstalledDir: /SDK/usr/bin]
  ignore line: [Found candidate GCC installation: /SDK/usr/bin/../lib/gcc/arm-obreey-linux-gnueabi/6.3.0]
  ignore line: [Selected GCC installation: /SDK/usr/bin/../lib/gcc/arm-obreey-linux-gnueabi/6.3.0]
  ignore line: [Candidate multilib: .]
  ignore line: [@m32]
  ignore line: [Selected multilib: .]
  ignore line: [@m32]
  link line: [ "/SDK/usr/bin/arm-obreey-linux-gnueabi-ld" --sysroot=/SDK/usr/arm-obreey-linux-gnueabi/sysroot -export-dynamic -s -X --hash-style=both --eh-frame-hdr -m armelf_linux_eabi -export-dynamic -dynamic-linker /lib/ld-linux.so.3 -o cmTC_ccac7 /SDK/usr/arm-obreey-linux-gnueabi/sysroot/usr/lib/../lib/crt1.o /SDK/usr/arm-obreey-linux-gnueabi/sysroot/usr/lib/../lib/crti.o /SDK/usr/bin/../lib/gcc/arm-obreey-linux-gnueabi/6.3.0/crtbegin.o -L/SDK/usr/bin/../lib/gcc/arm-obreey-linux-gnueabi/6.3.0 -L/SDK/usr/bin/../lib/gcc/arm-obreey-linux-gnueabi/6.3.0/../../../../arm-obreey-linux-gnueabi/lib/../lib -L/SDK/usr/arm-obreey-linux-gnueabi/sysroot/lib/../lib -L/SDK/usr/arm-obreey-linux-gnueabi/sysroot/usr/lib/../lib -L/SDK/usr/bin/../lib/gcc/arm-obreey-linux-gnueabi/6.3.0/../../../../arm-obreey-linux-gnueabi/lib -L/SDK/usr/arm-obreey-linux-gnueabi/sysroot/lib -L/SDK/usr/arm-obreey-linux-gnueabi/sysroot/usr/lib CMakeFiles/cmTC_ccac7.dir/CMakeCXXCompilerABI.cpp.o -lstdc++ -lm -lgcc_s -lgcc -lc -lgcc_s -lgcc /SDK/usr/bin/../lib/gcc/arm-obreey-linux-gnueabi/6.3.0/crtend.o /SDK/usr/arm-obreey-linux-gnueabi/sysroot/usr/lib/../lib/crtn.o]
    arg [/SDK/usr/bin/arm-obreey-linux-gnueabi-ld] ==> ignore
    arg [--sysroot=/SDK/usr/arm-obreey-linux-gnueabi/sysroot] ==> ignore
    arg [-export-dynamic] ==> ignore
    arg [-s] ==> ignore
    arg [-X] ==> ignore
    arg [--hash-style=both] ==> ignore
    arg [--eh-frame-hdr] ==> ignore
    arg [-m] ==> ignore
    arg [armelf_linux_eabi] ==> ignore
    arg [-export-dynamic] ==> ignore
    arg [-dynamic-linker] ==> ignore
    arg [/lib/ld-linux.so.3] ==> ignore
    arg [-o] ==> ignore
    arg [cmTC_ccac7] ==> ignore
    arg [/SDK/usr/arm-obreey-linux-gnueabi/sysroot/usr/lib/../lib/crt1.o] ==> obj [/SDK/usr/arm-obreey-linux-gnueabi/sysroot/usr/lib/../lib/crt1.o]
    arg [/SDK/usr/arm-obreey-linux-gnueabi/sysroot/usr/lib/../lib/crti.o] ==> obj [/SDK/usr/arm-obreey-linux-gnueabi/sysroot/usr/lib/../lib/crti.o]
    arg [/SDK/usr/bin/../lib/gcc/arm-obreey-linux-gnueabi/6.3.0/crtbegin.o] ==> obj [/SDK/usr/bin/../lib/gcc/arm-obreey-linux-gnueabi/6.3.0/crtbegin.o]
    arg [-L/SDK/usr/bin/../lib/gcc/arm-obreey-linux-gnueabi/6.3.0] ==> dir [/SDK/usr/bin/../lib/gcc/arm-obreey-linux-gnueabi/6.3.0]
    arg [-L/SDK/usr/bin/../lib/gcc/arm-obreey-linux-gnueabi/6.3.0/../../../../arm-obreey-linux-gnueabi/lib/../lib] ==> dir [/SDK/usr/bin/../lib/gcc/arm-obreey-linux-gnueabi/6.3.0/../../../../arm-obreey-linux-gnueabi/lib/../lib]
    arg [-L/SDK/usr/arm-obreey-linux-gnueabi/sysroot/lib/../lib] ==> dir [/SDK/usr/arm-obreey-linux-gnueabi/sysroot/lib/../lib]
    arg [-L/SDK/usr/arm-obreey-linux-gnueabi/sysroot/usr/lib/../lib] ==> dir [/SDK/usr/arm-obreey-linux-gnueabi/sysroot/usr/lib/../lib]
    arg [-L/SDK/usr/bin/../lib/gcc/arm-obreey-linux-gnueabi/6.3.0/../../../../arm-obreey-linux-gnueabi/lib] ==> dir [/SDK/usr/bin/../lib/gcc/arm-obreey-linux-gnueabi/6.3.0/../../../../arm-obreey-linux-gnueabi/lib]
    arg [-L/SDK/usr/arm-obreey-linux-gnueabi/sysroot/lib] ==> dir [/SDK/usr/arm-obreey-linux-gnueabi/sysroot/lib]
    arg [-L/SDK/usr/arm-obreey-linux-gnueabi/sysroot/usr/lib] ==> dir [/SDK/usr/arm-obreey-linux-gnueabi/sysroot/usr/lib]
    arg [CMakeFiles/cmTC_ccac7.dir/CMakeCXXCompilerABI.cpp.o] ==> ignore
    arg [-lstdc++] ==> lib [stdc++]
    arg [-lm] ==> lib [m]
    arg [-lgcc_s] ==> lib [gcc_s]
    arg [-lgcc] ==> lib [gcc]
    arg [-lc] ==> lib [c]
    arg [-lgcc_s] ==> lib [gcc_s]
    arg [-lgcc] ==> lib [gcc]
    arg [/SDK/usr/bin/../lib/gcc/arm-obreey-linux-gnueabi/6.3.0/crtend.o] ==> obj [/SDK/usr/bin/../lib/gcc/arm-obreey-linux-gnueabi/6.3.0/crtend.o]
    arg [/SDK/usr/arm-obreey-linux-gnueabi/sysroot/usr/lib/../lib/crtn.o] ==> obj [/SDK/usr/arm-obreey-linux-gnueabi/sysroot/usr/lib/../lib/crtn.o]
  collapse obj [/SDK/usr/arm-obreey-linux-gnueabi/sysroot/usr/lib/../lib/crt1.o] ==> [/SDK/usr/arm-obreey-linux-gnueabi/sysroot/usr/lib/crt1.o]
  collapse obj [/SDK/usr/arm-obreey-linux-gnueabi/sysroot/usr/lib/../lib/crti.o] ==> [/SDK/usr/arm-obreey-linux-gnueabi/sysroot/usr/lib/crti.o]
  collapse obj [/SDK/usr/bin/../lib/gcc/arm-obreey-linux-gnueabi/6.3.0/crtbegin.o] ==> [/SDK/usr/lib/gcc/arm-obreey-linux-gnueabi/6.3.0/crtbegin.o]
  collapse obj [/SDK/usr/bin/../lib/gcc/arm-obreey-linux-gnueabi/6.3.0/crtend.o] ==> [/SDK/usr/lib/gcc/arm-obreey-linux-gnueabi/6.3.0/crtend.o]
  collapse obj [/SDK/usr/arm-obreey-linux-gnueabi/sysroot/usr/lib/../lib/crtn.o] ==> [/SDK/usr/arm-obreey-linux-gnueabi/sysroot/usr/lib/crtn.o]
  collapse library dir [/SDK/usr/bin/../lib/gcc/arm-obreey-linux-gnueabi/6.3.0] ==> [/SDK/usr/lib/gcc/arm-obreey-linux-gnueabi/6.3.0]
  collapse library dir [/SDK/usr/bin/../lib/gcc/arm-obreey-linux-gnueabi/6.3.0/../../../../arm-obreey-linux-gnueabi/lib/../lib] ==> [/SDK/usr/arm-obreey-linux-gnueabi/lib]
  collapse library dir [/SDK/usr/arm-obreey-linux-gnueabi/sysroot/lib/../lib] ==> [/SDK/usr/arm-obreey-linux-gnueabi/sysroot/lib]
  collapse library dir [/SDK/usr/arm-obreey-linux-gnueabi/sysroot/usr/lib/../lib] ==> [/SDK/usr/arm-obreey-linux-gnueabi/sysroot/usr/lib]
  collapse library dir [/SDK/usr/bin/../lib/gcc/arm-obreey-linux-gnueabi/6.3.0/../../../../arm-obreey-linux-gnueabi/lib] ==> [/SDK/usr/arm-obreey-linux-gnueabi/lib]
  collapse library dir [/SDK/usr/arm-obreey-linux-gnueabi/sysroot/lib] ==> [/SDK/usr/arm-obreey-linux-gnueabi/sysroot/lib]
  collapse library dir [/SDK/usr/arm-obreey-linux-gnueabi/sysroot/usr/lib] ==> [/SDK/usr/arm-obreey-linux-gnueabi/sysroot/usr/lib]
  implicit libs: [stdc++;m;gcc_s;gcc;c;gcc_s;gcc]
  implicit objs: [/SDK/usr/arm-obreey-linux-gnueabi/sysroot/usr/lib/crt1.o;/SDK/usr/arm-obreey-linux-gnueabi/sysroot/usr/lib/crti.o;/SDK/usr/lib/gcc/arm-obreey-linux-gnueabi/6.3.0/crtbegin.o;/SDK/usr/lib/gcc/arm-obreey-linux-gnueabi/6.3.0/crtend.o;/SDK/usr/arm-obreey-linux-gnueabi/sysroot/usr/lib/crtn.o]
  implicit dirs: [/SDK/usr/lib/gcc/arm-obreey-linux-gnueabi/6.3.0;/SDK/usr/arm-obreey-linux-gnueabi/lib;/SDK/usr/arm-obreey-linux-gnueabi/sysroot/lib;/SDK/usr/arm-obreey-linux-gnueabi/sysroot/usr/lib]
  implicit fwks: []


